<?xml version="1.0" encoding="UTF-8"?>
<!-- Generated by org.testng.reporters.JUnitXMLReporter -->
<testsuite ignored="0" hostname="DESKTOP-JILPL11" failures="1" tests="2" name="My_Application" time="277.15" errors="0" timestamp="2022-10-24T00:20:32 IST">
  <testcase classname="io.cucumber.testng.AbstractTestNGCucumberTests" name="runScenario" time="130.16"/>
  <testcase classname="io.cucumber.testng.AbstractTestNGCucumberTests" name="runScenario" time="140.002">
    <failure type="java.lang.NullPointerException" message="Cannot invoke &amp;quot;String.split(String)&amp;quot; because &amp;quot;emailText&amp;quot; is null">
      <![CDATA[java.lang.NullPointerException: Cannot invoke "String.split(String)" because "emailText" is null
at com.myfw.Utility.EmailUtils.getOtp(EmailUtils.java:75)
at stepDefinition.SignUpPageSteps.userShouldAbleToEnterOTP(SignUpPageSteps.java:179)
at ✽.user should able to enter OTP(file:///D:/Automation%20data/DOSHTestAutomation/src/test/resources/AppFeatures/02DoshSignUpFinance.feature:23)
]]>
    </failure>
  </testcase> <!-- runScenario -->
</testsuite> <!-- My_Application -->
