<?xml version="1.0" encoding="UTF-8"?>
<testsuite xmlns:xsi="http://www.w3.org/2001/XMLSchema-instance" xsi:noNamespaceSchemaLocation="https://maven.apache.org/surefire/maven-surefire-plugin/xsd/surefire-test-report.xsd" name="TestSuite" time="277.845" tests="2" errors="0" skipped="0" failures="1">
  <properties>
[...]
</properties>
  <testcase name="runScenario" classname="com.myfw.runner.ExtentReportRunner" time="130.167"/>
  <testcase name="runScenario" classname="com.myfw.runner.ExtentReportRunner" time="140.011">
    <failure message="Cannot invoke &quot;String.split(String)&quot; because &quot;emailText&quot; is null" type="java.lang.NullPointerException">java.lang.NullPointerException: Cannot invoke "String.split(String)" because "emailText" is null
</failure>
    <system-out><![CDATA[<=========== Scenario:Verify the Dosh Financial Sign up Started ===========>
<=========== Tag name:[@dosh, @dosh] Started ===========>
https://dsp.onenet.xyz:50443/#/
Sign up button clicked
Self Registration Radio button clicked
Proceed button clicked
DOSH Financial Menu clicked
Personal Radio button clicked
Continue button clicked
Debit and Credit Cards Selected from dropdown
Proceed button clicked
Confirmation for debit is done
India  is Selected from Country dropdown
Passport  is Selected from ID Type dropdown
L2721389 entered in text field
shadaab03@gmail.com entered in text field
shadaab03@gmail.com entered in confirmation text field
Sign up button is clicked
Dosh entered in firstname field
Test entered in lastname field
9790012345 entered in text field
Testing1@123 entered in password field
Testing1@123 entered in password confirmation text field
Dosh entered in Name field
7th Cross Main Road entered in Address field
Chennai entered in Address2 field
Sign up button is clicked
messages.length---0
<=========== Scenario:Verify the Dosh Financial Sign up Failed ===========>

]]></system-out>
    <system-err><![CDATA[Oct 24, 2022 12:18:06 AM org.apache.commons.configuration.ConfigurationFactory createObject
INFO: Trying to load configuration application.properties
Oct 24, 2022 12:18:06 AM org.apache.commons.configuration.ConfigurationFactory createObject
INFO: Trying to load configuration application.properties
Starting ChromeDriver 105.0.5195.52 (412c95e518836d8a7d97250d62b29c2ae6a26a85-refs/branch-heads/5195@{#853}) on port 53682
Only local connections are allowed.
Please see https://chromedriver.chromium.org/security-considerations for suggestions on keeping ChromeDriver safe.
ChromeDriver was started successfully.
[1666550888.215][WARNING]: This version of ChromeDriver has not been tested with Chrome version 106.
Oct 24, 2022 12:18:08 AM org.openqa.selenium.remote.ProtocolHandshake createSession
INFO: Detected dialect: W3C
Oct 24, 2022 12:18:08 AM org.openqa.selenium.devtools.CdpVersionFinder findNearestMatch
WARNING: Unable to find an exact match for CDP version 106, so returning the closest version found: a no-op implementation
Oct 24, 2022 12:18:08 AM org.openqa.selenium.devtools.CdpVersionFinder findNearestMatch
INFO: Unable to find CDP implementation matching 106.
Oct 24, 2022 12:18:08 AM org.openqa.selenium.chromium.ChromiumDriver lambda$new$3
WARNING: Unable to find version of CDP to use for . You may need to include a dependency on a specific version of the CDP using something similar to `org.seleniumhq.selenium:selenium-devtools-v86:4.1.2` where the version ("v86") matches the version of the chromium-based browser you're using and the version number of the artifact is the same as Selenium's.
Oct 24, 2022 12:18:14 AM org.apache.commons.configuration.ConfigurationFactory createObject
INFO: Trying to load configuration application.properties
java.lang.ArrayIndexOutOfBoundsException: Index -1 out of bounds for length 0
	at com.myfw.Utility.EmailUtils.check(EmailUtils.java:40)
	at com.myfw.Utility.EmailUtils.getOtp(EmailUtils.java:73)
	at stepDefinition.SignUpPageSteps.userShouldAbleToEnterOTP(SignUpPageSteps.java:179)
	at java.base/jdk.internal.reflect.DirectMethodHandleAccessor.invoke(DirectMethodHandleAccessor.java:104)
	at java.base/java.lang.reflect.Method.invoke(Method.java:577)
	at io.cucumber.java.Invoker.doInvoke(Invoker.java:66)
	at io.cucumber.java.Invoker.invoke(Invoker.java:24)
	at io.cucumber.java.AbstractGlueDefinition.invokeMethod(AbstractGlueDefinition.java:47)
	at io.cucumber.java.JavaStepDefinition.execute(JavaStepDefinition.java:29)
	at io.cucumber.core.runner.CoreStepDefinition.execute(CoreStepDefinition.java:66)
	at io.cucumber.core.runner.PickleStepDefinitionMatch.runStep(PickleStepDefinitionMatch.java:63)
	at io.cucumber.core.runner.ExecutionMode$1.execute(ExecutionMode.java:10)
	at io.cucumber.core.runner.TestStep.executeStep(TestStep.java:85)
	at io.cucumber.core.runner.TestStep.run(TestStep.java:57)
	at io.cucumber.core.runner.PickleStepTestStep.run(PickleStepTestStep.java:51)
	at io.cucumber.core.runner.TestCase.run(TestCase.java:84)
	at io.cucumber.core.runner.Runner.runPickle(Runner.java:75)
	at io.cucumber.testng.TestNGCucumberRunner.lambda$runScenario$1(TestNGCucumberRunner.java:132)
	at io.cucumber.core.runtime.CucumberExecutionContext.lambda$runTestCase$5(CucumberExecutionContext.java:129)
	at io.cucumber.core.runtime.RethrowingThrowableCollector.executeAndThrow(RethrowingThrowableCollector.java:23)
	at io.cucumber.core.runtime.CucumberExecutionContext.runTestCase(CucumberExecutionContext.java:129)
	at io.cucumber.testng.TestNGCucumberRunner.runScenario(TestNGCucumberRunner.java:129)
	at io.cucumber.testng.AbstractTestNGCucumberTests.runScenario(AbstractTestNGCucumberTests.java:35)
	at java.base/jdk.internal.reflect.DirectMethodHandleAccessor.invoke(DirectMethodHandleAccessor.java:104)
	at java.base/java.lang.reflect.Method.invoke(Method.java:577)
	at org.testng.internal.MethodInvocationHelper.invokeMethod(MethodInvocationHelper.java:133)
	at org.testng.internal.TestInvoker.invokeMethod(TestInvoker.java:584)
	at org.testng.internal.TestInvoker.invokeTestMethod(TestInvoker.java:172)
	at org.testng.internal.MethodRunner.runInSequence(MethodRunner.java:46)
	at org.testng.internal.TestInvoker$MethodInvocationAgent.invoke(TestInvoker.java:804)
	at org.testng.internal.TestInvoker.invokeTestMethods(TestInvoker.java:145)
	at org.testng.internal.TestMethodWorker.invokeTestMethods(TestMethodWorker.java:146)
	at org.testng.internal.TestMethodWorker.run(TestMethodWorker.java:128)
	at java.base/java.util.ArrayList.forEach(ArrayList.java:1511)
	at org.testng.TestRunner.privateRun(TestRunner.java:770)
	at org.testng.TestRunner.run(TestRunner.java:591)
	at org.testng.SuiteRunner.runTest(SuiteRunner.java:402)
	at org.testng.SuiteRunner.access$000(SuiteRunner.java:41)
	at org.testng.SuiteRunner$SuiteWorker.run(SuiteRunner.java:443)
	at org.testng.internal.thread.ThreadUtil.lambda$execute$0(ThreadUtil.java:67)
	at java.base/java.util.concurrent.FutureTask.run(FutureTask.java:264)
	at java.base/java.util.concurrent.ThreadPoolExecutor.runWorker(ThreadPoolExecutor.java:1136)
	at java.base/java.util.concurrent.ThreadPoolExecutor$Worker.run(ThreadPoolExecutor.java:635)
	at java.base/java.lang.Thread.run(Thread.java:833)
]]></system-err>
  </testcase>
</testsuite>