<?xml version="1.0" encoding="UTF-8"?>
<!-- Generated by org.testng.reporters.JUnitReportReporter -->
<testsuite hostname="DESKTOP-JILPL11" failures="0" tests="2" name="com.myfw.runner.ExtentReportRunner" time="270.162" errors="1" timestamp="2022-10-24T00:20:32 IST" skipped="0">
  <testcase classname="com.myfw.runner.ExtentReportRunner" name="runScenario" time="140.002">
    <error message="Cannot invoke &quot;String.split(String)&quot; because &quot;emailText&quot; is null" type="java.lang.NullPointerException">
      <![CDATA[java.lang.NullPointerException: Cannot invoke "String.split(String)" because "emailText" is null
at com.myfw.Utility.EmailUtils.getOtp(EmailUtils.java:75)
at stepDefinition.SignUpPageSteps.userShouldAbleToEnterOTP(SignUpPageSteps.java:179)
at ✽.user should able to enter OTP(file:///D:/Automation%20data/DOSHTestAutomation/src/test/resources/AppFeatures/02DoshSignUpFinance.feature:23)
]]>
    </error>
  </testcase> <!-- runScenario -->
  <testcase classname="com.myfw.runner.ExtentReportRunner" name="runScenario" time="130.160"/>
</testsuite> <!-- com.myfw.runner.ExtentReportRunner -->
